Determining if the pthread_create exist failed with the following output:
Change Dir: /home/salabeta/robocomp/components/componentes/gotoxy/CMakeFiles/CMakeTmp

Run Build Command:"/usr/bin/make" "cmTC_d6e95/fast"
/usr/bin/make -f CMakeFiles/cmTC_d6e95.dir/build.make CMakeFiles/cmTC_d6e95.dir/build
make[1]: se entra en el directorio '/home/salabeta/robocomp/components/componentes/gotoxy/CMakeFiles/CMakeTmp'
Building C object CMakeFiles/cmTC_d6e95.dir/CheckSymbolExists.c.o
/usr/bin/cc    -o CMakeFiles/cmTC_d6e95.dir/CheckSymbolExists.c.o   -c /home/salabeta/robocomp/components/componentes/gotoxy/CMakeFiles/CMakeTmp/CheckSymbolExists.c
Linking C executable cmTC_d6e95
/usr/bin/cmake -E cmake_link_script CMakeFiles/cmTC_d6e95.dir/link.txt --verbose=1
/usr/bin/cc      -rdynamic CMakeFiles/cmTC_d6e95.dir/CheckSymbolExists.c.o  -o cmTC_d6e95 
CMakeFiles/cmTC_d6e95.dir/CheckSymbolExists.c.o: En la función `main':
CheckSymbolExists.c:(.text+0x1b): referencia a `pthread_create' sin definir
collect2: error: ld returned 1 exit status
CMakeFiles/cmTC_d6e95.dir/build.make:97: recipe for target 'cmTC_d6e95' failed
make[1]: *** [cmTC_d6e95] Error 1
make[1]: se sale del directorio '/home/salabeta/robocomp/components/componentes/gotoxy/CMakeFiles/CMakeTmp'
Makefile:126: recipe for target 'cmTC_d6e95/fast' failed
make: *** [cmTC_d6e95/fast] Error 2

File /home/salabeta/robocomp/components/componentes/gotoxy/CMakeFiles/CMakeTmp/CheckSymbolExists.c:
/* */
#include <pthread.h>

int main(int argc, char** argv)
{
  (void)argv;
#ifndef pthread_create
  return ((int*)(&pthread_create))[argc];
#else
  (void)argc;
  return 0;
#endif
}

Determining if the function pthread_create exists in the pthreads failed with the following output:
Change Dir: /home/salabeta/robocomp/components/componentes/gotoxy/CMakeFiles/CMakeTmp

Run Build Command:"/usr/bin/make" "cmTC_87394/fast"
/usr/bin/make -f CMakeFiles/cmTC_87394.dir/build.make CMakeFiles/cmTC_87394.dir/build
make[1]: se entra en el directorio '/home/salabeta/robocomp/components/componentes/gotoxy/CMakeFiles/CMakeTmp'
Building C object CMakeFiles/cmTC_87394.dir/CheckFunctionExists.c.o
/usr/bin/cc   -DCHECK_FUNCTION_EXISTS=pthread_create   -o CMakeFiles/cmTC_87394.dir/CheckFunctionExists.c.o   -c /usr/share/cmake-3.10/Modules/CheckFunctionExists.c
Linking C executable cmTC_87394
/usr/bin/cmake -E cmake_link_script CMakeFiles/cmTC_87394.dir/link.txt --verbose=1
/usr/bin/cc  -DCHECK_FUNCTION_EXISTS=pthread_create    -rdynamic CMakeFiles/cmTC_87394.dir/CheckFunctionExists.c.o  -o cmTC_87394 -lpthreads 
/usr/bin/ld: no se puede encontrar -lpthreads
collect2: error: ld returned 1 exit status
CMakeFiles/cmTC_87394.dir/build.make:97: recipe for target 'cmTC_87394' failed
make[1]: *** [cmTC_87394] Error 1
make[1]: se sale del directorio '/home/salabeta/robocomp/components/componentes/gotoxy/CMakeFiles/CMakeTmp'
Makefile:126: recipe for target 'cmTC_87394/fast' failed
make: *** [cmTC_87394/fast] Error 2


