Determining if the pthread_create exist failed with the following output:
Change Dir: /home/salabeta/robocomp/components/componentes/choca/src/CMakeFiles/CMakeTmp

Run Build Command:"/usr/bin/make" "cmTC_27b0e/fast"
/usr/bin/make -f CMakeFiles/cmTC_27b0e.dir/build.make CMakeFiles/cmTC_27b0e.dir/build
make[1]: se entra en el directorio '/home/salabeta/robocomp/components/componentes/choca/src/CMakeFiles/CMakeTmp'
Building C object CMakeFiles/cmTC_27b0e.dir/CheckSymbolExists.c.o
/usr/bin/cc    -o CMakeFiles/cmTC_27b0e.dir/CheckSymbolExists.c.o   -c /home/salabeta/robocomp/components/componentes/choca/src/CMakeFiles/CMakeTmp/CheckSymbolExists.c
Linking C executable cmTC_27b0e
/usr/bin/cmake -E cmake_link_script CMakeFiles/cmTC_27b0e.dir/link.txt --verbose=1
/usr/bin/cc      -rdynamic CMakeFiles/cmTC_27b0e.dir/CheckSymbolExists.c.o  -o cmTC_27b0e 
CMakeFiles/cmTC_27b0e.dir/CheckSymbolExists.c.o: En la función `main':
CheckSymbolExists.c:(.text+0x1b): referencia a `pthread_create' sin definir
collect2: error: ld returned 1 exit status
CMakeFiles/cmTC_27b0e.dir/build.make:97: recipe for target 'cmTC_27b0e' failed
make[1]: *** [cmTC_27b0e] Error 1
make[1]: se sale del directorio '/home/salabeta/robocomp/components/componentes/choca/src/CMakeFiles/CMakeTmp'
Makefile:126: recipe for target 'cmTC_27b0e/fast' failed
make: *** [cmTC_27b0e/fast] Error 2

File /home/salabeta/robocomp/components/componentes/choca/src/CMakeFiles/CMakeTmp/CheckSymbolExists.c:
/* */
#include <pthread.h>

int main(int argc, char** argv)
{
  (void)argv;
#ifndef pthread_create
  return ((int*)(&pthread_create))[argc];
#else
  (void)argc;
  return 0;
#endif
}

Determining if the function pthread_create exists in the pthreads failed with the following output:
Change Dir: /home/salabeta/robocomp/components/componentes/choca/src/CMakeFiles/CMakeTmp

Run Build Command:"/usr/bin/make" "cmTC_6d7ca/fast"
/usr/bin/make -f CMakeFiles/cmTC_6d7ca.dir/build.make CMakeFiles/cmTC_6d7ca.dir/build
make[1]: se entra en el directorio '/home/salabeta/robocomp/components/componentes/choca/src/CMakeFiles/CMakeTmp'
Building C object CMakeFiles/cmTC_6d7ca.dir/CheckFunctionExists.c.o
/usr/bin/cc   -DCHECK_FUNCTION_EXISTS=pthread_create   -o CMakeFiles/cmTC_6d7ca.dir/CheckFunctionExists.c.o   -c /usr/share/cmake-3.10/Modules/CheckFunctionExists.c
Linking C executable cmTC_6d7ca
/usr/bin/cmake -E cmake_link_script CMakeFiles/cmTC_6d7ca.dir/link.txt --verbose=1
/usr/bin/cc  -DCHECK_FUNCTION_EXISTS=pthread_create    -rdynamic CMakeFiles/cmTC_6d7ca.dir/CheckFunctionExists.c.o  -o cmTC_6d7ca -lpthreads 
/usr/bin/ld: no se puede encontrar -lpthreads
collect2: error: ld returned 1 exit status
CMakeFiles/cmTC_6d7ca.dir/build.make:97: recipe for target 'cmTC_6d7ca' failed
make[1]: *** [cmTC_6d7ca] Error 1
make[1]: se sale del directorio '/home/salabeta/robocomp/components/componentes/choca/src/CMakeFiles/CMakeTmp'
Makefile:126: recipe for target 'cmTC_6d7ca/fast' failed
make: *** [cmTC_6d7ca/fast] Error 2


