Determining if the pthread_create exist failed with the following output:
Change Dir: /home/salabeta/robocomp/components/componentes/gotoxy/CMakeFiles/CMakeTmp

Run Build Command:"/usr/bin/make" "cmTC_c634c/fast"
/usr/bin/make -f CMakeFiles/cmTC_c634c.dir/build.make CMakeFiles/cmTC_c634c.dir/build
make[1]: se entra en el directorio '/home/salabeta/robocomp/components/componentes/gotoxy/CMakeFiles/CMakeTmp'
Building C object CMakeFiles/cmTC_c634c.dir/CheckSymbolExists.c.o
/usr/bin/cc    -o CMakeFiles/cmTC_c634c.dir/CheckSymbolExists.c.o   -c /home/salabeta/robocomp/components/componentes/gotoxy/CMakeFiles/CMakeTmp/CheckSymbolExists.c
Linking C executable cmTC_c634c
/usr/bin/cmake -E cmake_link_script CMakeFiles/cmTC_c634c.dir/link.txt --verbose=1
/usr/bin/cc      -rdynamic CMakeFiles/cmTC_c634c.dir/CheckSymbolExists.c.o  -o cmTC_c634c 
CMakeFiles/cmTC_c634c.dir/CheckSymbolExists.c.o: En la función `main':
CheckSymbolExists.c:(.text+0x1b): referencia a `pthread_create' sin definir
collect2: error: ld returned 1 exit status
CMakeFiles/cmTC_c634c.dir/build.make:97: recipe for target 'cmTC_c634c' failed
make[1]: *** [cmTC_c634c] Error 1
make[1]: se sale del directorio '/home/salabeta/robocomp/components/componentes/gotoxy/CMakeFiles/CMakeTmp'
Makefile:126: recipe for target 'cmTC_c634c/fast' failed
make: *** [cmTC_c634c/fast] Error 2

File /home/salabeta/robocomp/components/componentes/gotoxy/CMakeFiles/CMakeTmp/CheckSymbolExists.c:
/* */
#include <pthread.h>

int main(int argc, char** argv)
{
  (void)argv;
#ifndef pthread_create
  return ((int*)(&pthread_create))[argc];
#else
  (void)argc;
  return 0;
#endif
}

Determining if the function pthread_create exists in the pthreads failed with the following output:
Change Dir: /home/salabeta/robocomp/components/componentes/gotoxy/CMakeFiles/CMakeTmp

Run Build Command:"/usr/bin/make" "cmTC_f68e8/fast"
/usr/bin/make -f CMakeFiles/cmTC_f68e8.dir/build.make CMakeFiles/cmTC_f68e8.dir/build
make[1]: se entra en el directorio '/home/salabeta/robocomp/components/componentes/gotoxy/CMakeFiles/CMakeTmp'
Building C object CMakeFiles/cmTC_f68e8.dir/CheckFunctionExists.c.o
/usr/bin/cc   -DCHECK_FUNCTION_EXISTS=pthread_create   -o CMakeFiles/cmTC_f68e8.dir/CheckFunctionExists.c.o   -c /usr/share/cmake-3.10/Modules/CheckFunctionExists.c
Linking C executable cmTC_f68e8
/usr/bin/cmake -E cmake_link_script CMakeFiles/cmTC_f68e8.dir/link.txt --verbose=1
/usr/bin/cc  -DCHECK_FUNCTION_EXISTS=pthread_create    -rdynamic CMakeFiles/cmTC_f68e8.dir/CheckFunctionExists.c.o  -o cmTC_f68e8 -lpthreads 
/usr/bin/ld: no se puede encontrar -lpthreads
collect2: error: ld returned 1 exit status
CMakeFiles/cmTC_f68e8.dir/build.make:97: recipe for target 'cmTC_f68e8' failed
make[1]: *** [cmTC_f68e8] Error 1
make[1]: se sale del directorio '/home/salabeta/robocomp/components/componentes/gotoxy/CMakeFiles/CMakeTmp'
Makefile:126: recipe for target 'cmTC_f68e8/fast' failed
make: *** [cmTC_f68e8/fast] Error 2


Determining if the pthread_create exist failed with the following output:
Change Dir: /home/salabeta/robocomp/components/componentes/gotoxyPractica3/CMakeFiles/CMakeTmp

Run Build Command:"/usr/bin/make" "cmTC_41c6a/fast"
/usr/bin/make -f CMakeFiles/cmTC_41c6a.dir/build.make CMakeFiles/cmTC_41c6a.dir/build
make[1]: se entra en el directorio '/home/salabeta/robocomp/components/componentes/gotoxyPractica3/CMakeFiles/CMakeTmp'
Building C object CMakeFiles/cmTC_41c6a.dir/CheckSymbolExists.c.o
/usr/bin/cc    -o CMakeFiles/cmTC_41c6a.dir/CheckSymbolExists.c.o   -c /home/salabeta/robocomp/components/componentes/gotoxyPractica3/CMakeFiles/CMakeTmp/CheckSymbolExists.c
Linking C executable cmTC_41c6a
/usr/bin/cmake -E cmake_link_script CMakeFiles/cmTC_41c6a.dir/link.txt --verbose=1
/usr/bin/cc      -rdynamic CMakeFiles/cmTC_41c6a.dir/CheckSymbolExists.c.o  -o cmTC_41c6a 
CMakeFiles/cmTC_41c6a.dir/CheckSymbolExists.c.o: En la función `main':
CheckSymbolExists.c:(.text+0x1b): referencia a `pthread_create' sin definir
collect2: error: ld returned 1 exit status
CMakeFiles/cmTC_41c6a.dir/build.make:97: recipe for target 'cmTC_41c6a' failed
make[1]: *** [cmTC_41c6a] Error 1
make[1]: se sale del directorio '/home/salabeta/robocomp/components/componentes/gotoxyPractica3/CMakeFiles/CMakeTmp'
Makefile:126: recipe for target 'cmTC_41c6a/fast' failed
make: *** [cmTC_41c6a/fast] Error 2

File /home/salabeta/robocomp/components/componentes/gotoxyPractica3/CMakeFiles/CMakeTmp/CheckSymbolExists.c:
/* */
#include <pthread.h>

int main(int argc, char** argv)
{
  (void)argv;
#ifndef pthread_create
  return ((int*)(&pthread_create))[argc];
#else
  (void)argc;
  return 0;
#endif
}

Determining if the function pthread_create exists in the pthreads failed with the following output:
Change Dir: /home/salabeta/robocomp/components/componentes/gotoxyPractica3/CMakeFiles/CMakeTmp

Run Build Command:"/usr/bin/make" "cmTC_664a5/fast"
/usr/bin/make -f CMakeFiles/cmTC_664a5.dir/build.make CMakeFiles/cmTC_664a5.dir/build
make[1]: se entra en el directorio '/home/salabeta/robocomp/components/componentes/gotoxyPractica3/CMakeFiles/CMakeTmp'
Building C object CMakeFiles/cmTC_664a5.dir/CheckFunctionExists.c.o
/usr/bin/cc   -DCHECK_FUNCTION_EXISTS=pthread_create   -o CMakeFiles/cmTC_664a5.dir/CheckFunctionExists.c.o   -c /usr/share/cmake-3.10/Modules/CheckFunctionExists.c
Linking C executable cmTC_664a5
/usr/bin/cmake -E cmake_link_script CMakeFiles/cmTC_664a5.dir/link.txt --verbose=1
/usr/bin/cc  -DCHECK_FUNCTION_EXISTS=pthread_create    -rdynamic CMakeFiles/cmTC_664a5.dir/CheckFunctionExists.c.o  -o cmTC_664a5 -lpthreads 
/usr/bin/ld: no se puede encontrar -lpthreads
collect2: error: ld returned 1 exit status
CMakeFiles/cmTC_664a5.dir/build.make:97: recipe for target 'cmTC_664a5' failed
make[1]: *** [cmTC_664a5] Error 1
make[1]: se sale del directorio '/home/salabeta/robocomp/components/componentes/gotoxyPractica3/CMakeFiles/CMakeTmp'
Makefile:126: recipe for target 'cmTC_664a5/fast' failed
make: *** [cmTC_664a5/fast] Error 2


