Determining if the pthread_create exist failed with the following output:
Change Dir: /home/salabeta/robocomp/components/componentes/choca/CMakeFiles/CMakeTmp

Run Build Command:"/usr/bin/make" "cmTC_2384f/fast"
/usr/bin/make -f CMakeFiles/cmTC_2384f.dir/build.make CMakeFiles/cmTC_2384f.dir/build
make[1]: se entra en el directorio '/home/salabeta/robocomp/components/componentes/choca/CMakeFiles/CMakeTmp'
Building C object CMakeFiles/cmTC_2384f.dir/CheckSymbolExists.c.o
/usr/bin/cc    -o CMakeFiles/cmTC_2384f.dir/CheckSymbolExists.c.o   -c /home/salabeta/robocomp/components/componentes/choca/CMakeFiles/CMakeTmp/CheckSymbolExists.c
Linking C executable cmTC_2384f
/usr/bin/cmake -E cmake_link_script CMakeFiles/cmTC_2384f.dir/link.txt --verbose=1
/usr/bin/cc      -rdynamic CMakeFiles/cmTC_2384f.dir/CheckSymbolExists.c.o  -o cmTC_2384f 
CMakeFiles/cmTC_2384f.dir/CheckSymbolExists.c.o: En la función `main':
CheckSymbolExists.c:(.text+0x1b): referencia a `pthread_create' sin definir
collect2: error: ld returned 1 exit status
CMakeFiles/cmTC_2384f.dir/build.make:97: recipe for target 'cmTC_2384f' failed
make[1]: *** [cmTC_2384f] Error 1
make[1]: se sale del directorio '/home/salabeta/robocomp/components/componentes/choca/CMakeFiles/CMakeTmp'
Makefile:126: recipe for target 'cmTC_2384f/fast' failed
make: *** [cmTC_2384f/fast] Error 2

File /home/salabeta/robocomp/components/componentes/choca/CMakeFiles/CMakeTmp/CheckSymbolExists.c:
/* */
#include <pthread.h>

int main(int argc, char** argv)
{
  (void)argv;
#ifndef pthread_create
  return ((int*)(&pthread_create))[argc];
#else
  (void)argc;
  return 0;
#endif
}

Determining if the function pthread_create exists in the pthreads failed with the following output:
Change Dir: /home/salabeta/robocomp/components/componentes/choca/CMakeFiles/CMakeTmp

Run Build Command:"/usr/bin/make" "cmTC_e1337/fast"
/usr/bin/make -f CMakeFiles/cmTC_e1337.dir/build.make CMakeFiles/cmTC_e1337.dir/build
make[1]: se entra en el directorio '/home/salabeta/robocomp/components/componentes/choca/CMakeFiles/CMakeTmp'
Building C object CMakeFiles/cmTC_e1337.dir/CheckFunctionExists.c.o
/usr/bin/cc   -DCHECK_FUNCTION_EXISTS=pthread_create   -o CMakeFiles/cmTC_e1337.dir/CheckFunctionExists.c.o   -c /usr/share/cmake-3.10/Modules/CheckFunctionExists.c
Linking C executable cmTC_e1337
/usr/bin/cmake -E cmake_link_script CMakeFiles/cmTC_e1337.dir/link.txt --verbose=1
/usr/bin/cc  -DCHECK_FUNCTION_EXISTS=pthread_create    -rdynamic CMakeFiles/cmTC_e1337.dir/CheckFunctionExists.c.o  -o cmTC_e1337 -lpthreads 
/usr/bin/ld: no se puede encontrar -lpthreads
collect2: error: ld returned 1 exit status
CMakeFiles/cmTC_e1337.dir/build.make:97: recipe for target 'cmTC_e1337' failed
make[1]: *** [cmTC_e1337] Error 1
make[1]: se sale del directorio '/home/salabeta/robocomp/components/componentes/choca/CMakeFiles/CMakeTmp'
Makefile:126: recipe for target 'cmTC_e1337/fast' failed
make: *** [cmTC_e1337/fast] Error 2


